\BOOKMARK [0][-]{chapter.1}{\376\377\000R\000e\000v\000i\000e\000w}{}% 1
\BOOKMARK [1][-]{section.1.1}{\376\377\000V\000e\000c\000t\000o\000r\000\040\000S\000p\000a\000c\000e\000s}{chapter.1}% 2
\BOOKMARK [2][-]{subsection.1.1.1}{\376\377\000S\000u\000b\000s\000p\000a\000c\000e\000s}{section.1.1}% 3
\BOOKMARK [2][-]{subsection.1.1.2}{\376\377\000B\000a\000s\000e\000s\000\040\000a\000n\000d\000\040\000D\000i\000m\000e\000n\000s\000i\000o\000n}{section.1.1}% 4
\BOOKMARK [2][-]{subsection.1.1.3}{\376\377\000C\000o\000o\000r\000d\000i\000n\000a\000t\000e\000s}{section.1.1}% 5
\BOOKMARK [2][-]{subsection.1.1.4}{\376\377\000T\000h\000e\000\040\000R\000o\000w\000\040\000a\000n\000d\000\040\000C\000o\000l\000u\000m\000n\000\040\000S\000p\000a\000c\000e\000s\000\040\000o\000f\000\040\000a\000\040\000M\000a\000t\000r\000i\000x}{section.1.1}% 6
\BOOKMARK [1][-]{section.1.2}{\376\377\000L\000i\000n\000e\000a\000r\000\040\000T\000r\000a\000n\000s\000f\000o\000r\000m\000a\000t\000i\000o\000n\000s}{chapter.1}% 7
\BOOKMARK [2][-]{subsection.1.2.1}{\376\377\000B\000a\000s\000i\000c\000\040\000D\000e\000f\000i\000n\000i\000t\000i\000o\000n\000s}{section.1.2}% 8
\BOOKMARK [2][-]{subsection.1.2.2}{\376\377\000T\000h\000e\000\040\000A\000l\000g\000e\000b\000r\000a\000\040\000o\000f\000\040\000L\000i\000n\000e\000a\000r\000\040\000T\000r\000a\000n\000s\000f\000o\000r\000m\000a\000t\000i\000o\000n\000s}{section.1.2}% 9
\BOOKMARK [2][-]{subsection.1.2.3}{\376\377\000I\000s\000o\000m\000o\000r\000p\000h\000i\000s\000m\000s}{section.1.2}% 10
\BOOKMARK [2][-]{subsection.1.2.4}{\376\377\000M\000a\000t\000r\000i\000x\000\040\000R\000e\000p\000r\000e\000s\000e\000n\000t\000a\000t\000i\000o\000n}{section.1.2}% 11
\BOOKMARK [1][-]{section.1.3}{\376\377\000D\000i\000a\000g\000o\000n\000a\000l\000i\000z\000a\000t\000i\000o\000n}{chapter.1}% 12
\BOOKMARK [2][-]{subsection.1.3.1}{\376\377\000M\000o\000t\000i\000v\000a\000t\000i\000o\000n}{section.1.3}% 13
\BOOKMARK [2][-]{subsection.1.3.2}{\376\377\000C\000h\000a\000r\000a\000c\000t\000e\000r\000i\000s\000t\000i\000c\000\040\000V\000a\000l\000u\000e\000s}{section.1.3}% 14
\BOOKMARK [2][-]{subsection.1.3.3}{\376\377\000D\000i\000a\000g\000o\000n\000a\000l\000i\000z\000a\000t\000i\000o\000n}{section.1.3}% 15
\BOOKMARK [2][-]{subsection.1.3.4}{\376\377\000D\000i\000r\000e\000c\000t\000\040\000S\000u\000m\000s}{section.1.3}% 16
\BOOKMARK [0][-]{chapter.2}{\376\377\000C\000a\000n\000o\000n\000i\000c\000a\000l\000\040\000F\000o\000r\000m\000s}{}% 17
\BOOKMARK [1][-]{section.2.1}{\376\377\000A\000n\000n\000i\000h\000i\000l\000a\000t\000i\000n\000g\000\040\000P\000o\000l\000y\000n\000o\000m\000i\000a\000l\000s}{chapter.2}% 18
\BOOKMARK [1][-]{section.2.2}{\376\377\000I\000n\000v\000a\000r\000i\000a\000n\000t\000\040\000S\000u\000b\000s\000p\000a\000c\000e\000s}{chapter.2}% 19
\BOOKMARK [1][-]{section.2.3}{\376\377\000S\000i\000m\000u\000l\000t\000a\000n\000e\000o\000u\000s\000\040\000T\000r\000i\000a\000n\000g\000u\000l\000a\000t\000i\000o\000n\000\040\000/\000\040\000D\000i\000a\000g\000o\000n\000a\000l\000i\000z\000a\000t\000i\000o\000n}{chapter.2}% 20
\BOOKMARK [1][-]{section.2.4}{\376\377\000D\000i\000r\000e\000c\000t\000-\000S\000u\000m\000\040\000D\000e\000c\000o\000m\000p\000o\000s\000i\000t\000i\000o\000n\000s}{chapter.2}% 21
\BOOKMARK [1][-]{section.2.5}{\376\377\000I\000n\000v\000a\000r\000i\000a\000n\000t\000\040\000D\000i\000r\000e\000c\000t\000\040\000S\000u\000m\000s}{chapter.2}% 22
\BOOKMARK [1][-]{section.2.6}{\376\377\000P\000r\000i\000m\000a\000r\000y\000\040\000D\000e\000c\000o\000m\000p\000o\000s\000i\000t\000i\000o\000n\000\040\000T\000h\000e\000o\000r\000e\000m}{chapter.2}% 23
\BOOKMARK [1][-]{section.2.7}{\376\377\000A\000l\000t\000e\000r\000n\000a\000t\000i\000v\000e\000\040\000p\000r\000o\000o\000f\000s\000\040\000f\000o\000r\000\040\000m\000i\000n\000i\000m\000a\000l\000\040\000p\000o\000l\000y\000n\000o\000m\000i\000a\000l\000s}{chapter.2}% 24
\BOOKMARK [1][-]{section.2.8}{\376\377\000C\000y\000c\000l\000i\000c\000\040\000s\000u\000b\000s\000p\000a\000c\000e\000s}{chapter.2}% 25
\BOOKMARK [1][-]{section.2.9}{\376\377\000J\000o\000r\000d\000a\000n\000\040\000a\000n\000d\000\040\000F\000r\000o\000b\000e\000n\000i\000u\000s\000\040\000B\000a\000s\000e\000s}{chapter.2}% 26
\BOOKMARK [0][-]{chapter.3}{\376\377\000B\000i\000l\000i\000n\000e\000a\000r\000\040\000F\000o\000r\000m\000s\000\040\000a\000n\000d\000\040\000G\000e\000o\000m\000e\000t\000r\000y}{}% 27
\BOOKMARK [1][-]{section.3.1}{\376\377\000M\000u\000l\000t\000i\000l\000i\000n\000e\000a\000r\000\040\000F\000u\000n\000c\000t\000i\000o\000n\000s}{chapter.3}% 28
\BOOKMARK [1][-]{section.3.2}{\376\377\000D\000u\000a\000l\000i\000t\000y}{chapter.3}% 29
\BOOKMARK [1][-]{section.3.3}{\376\377\000B\000i\000l\000i\000n\000e\000a\000r\000\040\000P\000a\000i\000r\000i\000n\000g\000s\000\040\000a\000n\000d\000\040\000O\000r\000t\000h\000o\000g\000o\000n\000a\000l\000i\000t\000y}{chapter.3}% 30
\BOOKMARK [1][-]{section.3.4}{\376\377\000H\000y\000p\000e\000r\000b\000o\000l\000i\000c\000\040\000a\000n\000d\000\040\000O\000r\000t\000h\000o\000g\000o\000n\000a\000l\000\040\000B\000a\000s\000e\000s}{chapter.3}% 31
\BOOKMARK [1][-]{section.3.5}{\376\377\000O\000r\000t\000h\000o\000g\000o\000n\000a\000l\000\040\000a\000n\000d\000\040\000S\000y\000m\000p\000l\000e\000t\000i\000c\000\040\000T\000r\000a\000n\000s\000f\000o\000r\000m\000a\000t\000i\000o\000n\000s}{chapter.3}% 32
\BOOKMARK [1][-]{section.3.6}{\376\377\000S\000e\000l\000f\000-\000A\000d\000j\000o\000i\000n\000t\000\040\000O\000p\000e\000r\000a\000t\000o\000r\000s}{chapter.3}% 33
\BOOKMARK [0][-]{appendix.A}{\376\377\000C\000a\000t\000e\000g\000o\000r\000y\000\040\000T\000h\000e\000o\000r\000y}{}% 34
\BOOKMARK [0][-]{appendix.B}{\376\377\000Q\000u\000o\000t\000i\000e\000n\000t\000\040\000S\000p\000a\000c\000e\000s}{}% 35
\BOOKMARK [0][-]{appendix.C}{\376\377\000D\000e\000t\000e\000r\000m\000i\000n\000a\000n\000t\000s}{}% 36
\BOOKMARK [1][-]{section.C.1}{\376\377\000C\000o\000m\000m\000u\000t\000a\000t\000i\000v\000e\000\040\000R\000i\000n\000g\000s}{appendix.C}% 37
\BOOKMARK [1][-]{section.C.2}{\376\377\000D\000e\000t\000e\000r\000m\000i\000n\000a\000n\000t\000\040\000F\000u\000n\000c\000t\000i\000o\000n\000s}{appendix.C}% 38
\BOOKMARK [1][-]{section.C.3}{\376\377\000P\000e\000r\000m\000u\000t\000a\000t\000i\000o\000n\000s\000\040\000a\000n\000d\000\040\000t\000h\000e\000\040\000U\000n\000i\000q\000u\000e\000n\000e\000s\000s\000\040\000o\000f\000\040\000D\000e\000t\000e\000r\000m\000i\000n\000a\000n\000t\000s}{appendix.C}% 39
\BOOKMARK [1][-]{section.C.4}{\376\377\000P\000r\000o\000p\000e\000r\000t\000i\000e\000s\000\040\000o\000f\000\040\000D\000e\000t\000e\000r\000m\000i\000n\000a\000n\000t\000s}{appendix.C}% 40
\BOOKMARK [1][-]{section.C.5}{\376\377\000M\000o\000d\000u\000l\000e\000s}{appendix.C}% 41
\BOOKMARK [1][-]{section.C.6}{\376\377\000M\000u\000l\000t\000i\000l\000i\000n\000e\000a\000r\000\040\000F\000u\000n\000c\000t\000i\000o\000n\000s}{appendix.C}% 42
\BOOKMARK [1][-]{section.C.7}{\376\377\000T\000h\000e\000\040\000G\000r\000a\000s\000s\000m\000a\000n\000\040\000R\000i\000n\000g}{appendix.C}% 43
\BOOKMARK [0][-]{appendix.D}{\376\377\000P\000o\000l\000y\000n\000o\000m\000i\000a\000l\000s}{}% 44
\BOOKMARK [1][-]{section.D.1}{\376\377\000A\000l\000g\000e\000b\000r\000a\000s}{appendix.D}% 45
\BOOKMARK [1][-]{section.D.2}{\376\377\000T\000h\000e\000\040\000A\000l\000g\000e\000b\000r\000a\000\040\000o\000f\000\040\000P\000o\000l\000y\000n\000o\000m\000i\000a\000l\000s}{appendix.D}% 46
\BOOKMARK [1][-]{section.D.3}{\376\377\000P\000o\000l\000y\000n\000o\000m\000i\000a\000l\000\040\000I\000d\000e\000a\000l\000s}{appendix.D}% 47
\BOOKMARK [1][-]{section.D.4}{\376\377\000P\000r\000i\000m\000e\000\040\000F\000a\000c\000t\000o\000r\000i\000z\000a\000t\000i\000o\000n}{appendix.D}% 48
\BOOKMARK [0][-]{appendix*.2}{\376\377\000R\000e\000f\000e\000r\000e\000n\000c\000e\000s}{}% 49
